# JRE version: Java(TM) SE Runtime Environment (8.0_65-b17) (build 1.8.0_65-b17)
# Java VM: Java HotSpot(TM) 64-Bit Server VM (25.65-b01 mixed mode linux-amd64 compressed oops)
Heap:
 PSYoungGen      total 559616K, used 277334K [0x000000076cd80000, 0x0000000792380000, 0x00000007c0000000)
  eden space 516096K, 53% used [0x000000076cd80000,0x000000077dc55b00,0x000000078c580000)
  from space 43520K, 0% used [0x000000078f900000,0x000000078f900000,0x0000000792380000)
  to   space 48128K, 0% used [0x000000078c580000,0x000000078c580000,0x000000078f480000)
 ParOldGen       total 196096K, used 65733K [0x00000006c6800000, 0x00000006d2780000, 0x000000076cd80000)
  object space 196096K, 33% used [0x00000006c6800000,0x00000006ca8315d8,0x00000006d2780000)
 Metaspace       used 33640K, capacity 33958K, committed 34304K, reserved 1079296K
  class space    used 5250K, capacity 5342K, committed 5376K, reserved 1048576K
GC Heap History (10 events):
Event: 3.338 GC heap before
{Heap before GC invocations=3 (full 0):
 PSYoungGen      total 139264K, used 139232K [0x000000076cd80000, 0x0000000775f80000, 0x00000007c0000000)
  eden space 129024K, 100% used [0x000000076cd80000,0x0000000774b80000,0x0000000774b80000)
  from space 10240K, 99% used [0x0000000775580000,0x0000000775f78018,0x0000000775f80000)
  to   space 10240K, 0% used [0x0000000774b80000,0x0000000774b80000,0x0000000775580000)
 ParOldGen       total 171008K, used 52584K [0x00000006c6800000, 0x00000006d0f00000, 0x000000076cd80000)
  object space 171008K, 30% used [0x00000006c6800000,0x00000006c9b5a0f0,0x00000006d0f00000)
 Metaspace       used 13898K, capacity 14100K, committed 14208K, reserved 1060864K
  class space    used 1844K, capacity 1903K, committed 1920K, reserved 1048576K
Event: 3.361 GC heap after
Heap after GC invocations=3 (full 0):
 PSYoungGen      total 139264K, used 10214K [0x000000076cd80000, 0x000000077dd80000, 0x00000007c0000000)
  eden space 129024K, 0% used [0x000000076cd80000,0x000000076cd80000,0x0000000774b80000)
  from space 10240K, 99% used [0x0000000774b80000,0x00000007755799a8,0x0000000775580000)
  to   space 10240K, 0% used [0x000000077d380000,0x000000077d380000,0x000000077dd80000)
 ParOldGen       total 171008K, used 53537K [0x00000006c6800000, 0x00000006d0f00000, 0x000000076cd80000)
  object space 171008K, 31% used [0x00000006c6800000,0x00000006c9c487d0,0x00000006d0f00000)
 Metaspace       used 13898K, capacity 14100K, committed 14208K, reserved 1060864K
  class space    used 1844K, capacity 1903K, committed 1920K, reserved 1048576K
}
Event: 3.792 GC heap before
{Heap before GC invocations=4 (full 0):
 PSYoungGen      total 139264K, used 139238K [0x000000076cd80000, 0x000000077dd80000, 0x00000007c0000000)
  eden space 129024K, 100% used [0x000000076cd80000,0x0000000774b80000,0x0000000774b80000)
  from space 10240K, 99% used [0x0000000774b80000,0x00000007755799a8,0x0000000775580000)
  to   space 10240K, 0% used [0x000000077d380000,0x000000077d380000,0x000000077dd80000)
 ParOldGen       total 171008K, used 53537K [0x00000006c6800000, 0x00000006d0f00000, 0x000000076cd80000)
  object space 171008K, 31% used [0x00000006c6800000,0x00000006c9c487d0,0x00000006d0f00000)
 Metaspace       used 13919K, capacity 14100K, committed 14208K, reserved 1060864K
  class space    used 1844K, capacity 1903K, committed 1920K, reserved 1048576K
Event: 3.822 GC heap after
Heap after GC invocations=4 (full 0):
 PSYoungGen      total 268288K, used 10236K [0x000000076cd80000, 0x000000077dd80000, 0x00000007c0000000)
  eden space 258048K, 0% used [0x000000076cd80000,0x000000076cd80000,0x000000077c980000)
  from space 10240K, 99% used [0x000000077d380000,0x000000077dd7f008,0x000000077dd80000)
  to   space 10240K, 0% used [0x000000077c980000,0x000000077c980000,0x000000077d380000)
 ParOldGen       total 171008K, used 53561K [0x00000006c6800000, 0x00000006d0f00000, 0x000000076cd80000)
  object space 171008K, 31% used [0x00000006c6800000,0x00000006c9c4e7d0,0x00000006d0f00000)
 Metaspace       used 13919K, capacity 14100K, committed 14208K, reserved 1060864K
  class space    used 1844K, capacity 1903K, committed 1920K, reserved 1048576K
}
Event: 4.322 GC heap before
{Heap before GC invocations=5 (full 0):
 PSYoungGen      total 268288K, used 268284K [0x000000076cd80000, 0x000000077dd80000, 0x00000007c0000000)
  eden space 258048K, 100% used [0x000000076cd80000,0x000000077c980000,0x000000077c980000)
  from space 10240K, 99% used [0x000000077d380000,0x000000077dd7f008,0x000000077dd80000)
  to   space 10240K, 0% used [0x000000077c980000,0x000000077c980000,0x000000077d380000)
 ParOldGen       total 171008K, used 53561K [0x00000006c6800000, 0x00000006d0f00000, 0x000000076cd80000)
  object space 171008K, 31% used [0x00000006c6800000,0x00000006c9c4e7d0,0x00000006d0f00000)
 Metaspace       used 13920K, capacity 14100K, committed 14208K, reserved 1060864K
  class space    used 1844K, capacity 1903K, committed 1920K, reserved 1048576K
Event: 4.346 GC heap after
Heap after GC invocations=5 (full 0):
 PSYoungGen      total 268288K, used 10218K [0x000000076cd80000, 0x0000000792c80000, 0x00000007c0000000)
  eden space 258048K, 0% used [0x000000076cd80000,0x000000076cd80000,0x000000077c980000)
  from space 10240K, 99% used [0x000000077c980000,0x000000077d37a890,0x000000077d380000)
  to   space 52736K, 0% used [0x000000078f900000,0x000000078f900000,0x0000000792c80000)
 ParOldGen       total 171008K, used 53625K [0x00000006c6800000, 0x00000006d0f00000, 0x000000076cd80000)
  object space 171008K, 31% used [0x00000006c6800000,0x00000006c9c5e7d0,0x00000006d0f00000)
 Metaspace       used 13920K, capacity 14100K, committed 14208K, reserved 1060864K
  class space    used 1844K, capacity 1903K, committed 1920K, reserved 1048576K
}
Event: 5.094 GC heap before
{Heap before GC invocations=6 (full 0):
 PSYoungGen      total 268288K, used 205956K [0x000000076cd80000, 0x0000000792c80000, 0x00000007c0000000)
  eden space 258048K, 75% used [0x000000076cd80000,0x0000000778ca68e8,0x000000077c980000)
  from space 10240K, 99% used [0x000000077c980000,0x000000077d37a890,0x000000077d380000)
  to   space 52736K, 0% used [0x000000078f900000,0x000000078f900000,0x0000000792c80000)
 ParOldGen       total 171008K, used 53625K [0x00000006c6800000, 0x00000006d0f00000, 0x000000076cd80000)
  object space 171008K, 31% used [0x00000006c6800000,0x00000006c9c5e7d0,0x00000006d0f00000)
 Metaspace       used 20917K, capacity 21094K, committed 21296K, reserved 1067008K
  class space    used 3051K, capacity 3122K, committed 3200K, reserved 1048576K
Event: 5.131 GC heap after
Heap after GC invocations=6 (full 0):
 PSYoungGen      total 559616K, used 18357K [0x000000076cd80000, 0x0000000792380000, 0x00000007c0000000)
  eden space 516096K, 0% used [0x000000076cd80000,0x000000076cd80000,0x000000078c580000)
  from space 43520K, 42% used [0x000000078f900000,0x0000000790aed540,0x0000000792380000)
  to   space 48128K, 0% used [0x000000078c580000,0x000000078c580000,0x000000078f480000)
 ParOldGen       total 171008K, used 53633K [0x00000006c6800000, 0x00000006d0f00000, 0x000000076cd80000)
  object space 171008K, 31% used [0x00000006c6800000,0x00000006c9c607d0,0x00000006d0f00000)
 Metaspace       used 20917K, capacity 21094K, committed 21296K, reserved 1067008K
  class space    used 3051K, capacity 3122K, committed 3200K, reserved 1048576K
}
Event: 5.131 GC heap before
{Heap before GC invocations=7 (full 1):
 PSYoungGen      total 559616K, used 18357K [0x000000076cd80000, 0x0000000792380000, 0x00000007c0000000)
  eden space 516096K, 0% used [0x000000076cd80000,0x000000076cd80000,0x000000078c580000)
  from space 43520K, 42% used [0x000000078f900000,0x0000000790aed540,0x0000000792380000)
  to   space 48128K, 0% used [0x000000078c580000,0x000000078c580000,0x000000078f480000)
 ParOldGen       total 171008K, used 53633K [0x00000006c6800000, 0x00000006d0f00000, 0x000000076cd80000)
  object space 171008K, 31% used [0x00000006c6800000,0x00000006c9c607d0,0x00000006d0f00000)
 Metaspace       used 20917K, capacity 21094K, committed 21296K, reserved 1067008K
  class space    used 3051K, capacity 3122K, committed 3200K, reserved 1048576K
Event: 5.305 GC heap after
Heap after GC invocations=7 (full 1):
 PSYoungGen      total 559616K, used 0K [0x000000076cd80000, 0x0000000792380000, 0x00000007c0000000)
  eden space 516096K, 0% used [0x000000076cd80000,0x000000076cd80000,0x000000078c580000)
  from space 43520K, 0% used [0x000000078f900000,0x000000078f900000,0x0000000792380000)
  to   space 48128K, 0% used [0x000000078c580000,0x000000078c580000,0x000000078f480000)
 ParOldGen       total 196096K, used 65733K [0x00000006c6800000, 0x00000006d2780000, 0x000000076cd80000)
  object space 196096K, 33% used [0x00000006c6800000,0x00000006ca8315d8,0x00000006d2780000)
 Metaspace       used 20917K, capacity 21094K, committed 21296K, reserved 1067008K
  class space    used 3051K, capacity 3122K, committed 3200K, reserved 1048576K
}

